This file contains any messages produced by compilers while
running configure, to aid debugging if configure makes a mistake.

It was created by dieharder configure 2.28.1, which was
generated by GNU Autoconf 2.61.  Invocation command line was

  $ ./configure 

## --------- ##
## Platform. ##
## --------- ##

hostname = virtualmachine-laptop
uname -m = i686
uname -r = 2.6.24-21-generic
uname -s = Linux
uname -v = #1 SMP Tue Oct 21 23:43:45 UTC 2008

/usr/bin/uname -p = unknown
/bin/uname -X     = unknown

/bin/arch              = unknown
/usr/bin/arch -k       = unknown
/usr/convex/getsysinfo = unknown
/usr/bin/hostinfo      = unknown
/bin/machine           = unknown
/usr/bin/oslevel       = unknown
/bin/universe          = unknown

PATH: /home/virtualmachine/bin
PATH: /usr/local/sbin
PATH: /usr/local/bin
PATH: /usr/sbin
PATH: /usr/bin
PATH: /sbin
PATH: /bin
PATH: /usr/games
PATH: /home/virtualmachine/Code/hackattack/ec2-api-tools-1.3-19403/bin


## ----------- ##
## Core tests. ##
## ----------- ##

configure:1961: checking for a BSD-compatible install
configure:2017: result: /usr/bin/install -c
configure:2028: checking whether build environment is sane
configure:2071: result: yes
configure:2099: checking for a thread-safe mkdir -p
configure:2138: result: /bin/mkdir -p
configure:2151: checking for gawk
configure:2167: found /usr/bin/gawk
configure:2178: result: gawk
configure:2189: checking whether make sets $(MAKE)
configure:2210: result: yes
configure:2450: checking build system type
configure:2468: result: i686-pc-linux-gnu
configure:2490: checking host system type
configure:2505: result: i686-pc-linux-gnu
configure:2585: checking for gcc
configure:2601: found /usr/bin/gcc
configure:2612: result: gcc
configure:2850: checking for C compiler version
configure:2857: gcc --version >&5
gcc (GCC) 4.2.4 (Ubuntu 4.2.4-1ubuntu3)
Copyright (C) 2007 Free Software Foundation, Inc.
This is free software; see the source for copying conditions.  There is NO
warranty; not even for MERCHANTABILITY or FITNESS FOR A PARTICULAR PURPOSE.

configure:2860: $? = 0
configure:2867: gcc -v >&5
Using built-in specs.
Target: i486-linux-gnu
Configured with: ../src/configure -v --enable-languages=c,c++,fortran,objc,obj-c++,treelang --prefix=/usr --enable-shared --with-system-zlib --libexecdir=/usr/lib --without-included-gettext --enable-threads=posix --enable-nls --with-gxx-include-dir=/usr/include/c++/4.2 --program-suffix=-4.2 --enable-clocale=gnu --enable-libstdcxx-debug --enable-objc-gc --enable-mpfr --enable-targets=all --enable-checking=release --build=i486-linux-gnu --host=i486-linux-gnu --target=i486-linux-gnu
Thread model: posix
gcc version 4.2.4 (Ubuntu 4.2.4-1ubuntu3)
configure:2870: $? = 0
configure:2877: gcc -V >&5
gcc: '-V' option must have argument
configure:2880: $? = 1
configure:2903: checking for C compiler default output file name
configure:2930: gcc    conftest.c  >&5
conftest.c:10:1: warning: "RELEASED" redefined
conftest.c:9:1: warning: this is the location of the previous definition
configure:2933: $? = 0
configure:2971: result: a.out
configure:2988: checking whether the C compiler works
configure:2998: ./a.out
configure:3001: $? = 0
configure:3018: result: yes
configure:3025: checking whether we are cross compiling
configure:3027: result: no
configure:3030: checking for suffix of executables
configure:3037: gcc -o conftest    conftest.c  >&5
conftest.c:10:1: warning: "RELEASED" redefined
conftest.c:9:1: warning: this is the location of the previous definition
configure:3040: $? = 0
configure:3064: result: 
configure:3070: checking for suffix of object files
configure:3096: gcc -c   conftest.c >&5
conftest.c:10:1: warning: "RELEASED" redefined
conftest.c:9:1: warning: this is the location of the previous definition
configure:3099: $? = 0
configure:3122: result: o
configure:3126: checking whether we are using the GNU C compiler
configure:3155: gcc -c   conftest.c >&5
conftest.c:10:1: warning: "RELEASED" redefined
conftest.c:9:1: warning: this is the location of the previous definition
configure:3161: $? = 0
configure:3178: result: yes
configure:3183: checking whether gcc accepts -g
configure:3213: gcc -c -g  conftest.c >&5
conftest.c:10:1: warning: "RELEASED" redefined
conftest.c:9:1: warning: this is the location of the previous definition
configure:3219: $? = 0
configure: failed program was:
| /* confdefs.h.  */
| #define PACKAGE_NAME "dieharder"
| #define PACKAGE_TARNAME "dieharder"
| #define PACKAGE_VERSION "2.28.1"
| #define PACKAGE_STRING "dieharder 2.28.1"
| #define PACKAGE_BUGREPORT ""
| #define PACKAGE "dieharder"
| #define VERSION "2.28.1"
| #define RELEASED
| #define RELEASED 1
| /* end confdefs.h.  */
| 
| int
| main ()
| {
| 
|   ;
|   return 0;
| }
configure:3251: gcc -c   conftest.c >&5
conftest.c:10:1: warning: "RELEASED" redefined
conftest.c:9:1: warning: this is the location of the previous definition
configure:3257: $? = 0
configure: failed program was:
| /* confdefs.h.  */
| #define PACKAGE_NAME "dieharder"
| #define PACKAGE_TARNAME "dieharder"
| #define PACKAGE_VERSION "2.28.1"
| #define PACKAGE_STRING "dieharder 2.28.1"
| #define PACKAGE_BUGREPORT ""
| #define PACKAGE "dieharder"
| #define VERSION "2.28.1"
| #define RELEASED
| #define RELEASED 1
| /* end confdefs.h.  */
| 
| int
| main ()
| {
| 
|   ;
|   return 0;
| }
configure:3290: gcc -c -g  conftest.c >&5
conftest.c:10:1: warning: "RELEASED" redefined
conftest.c:9:1: warning: this is the location of the previous definition
configure:3296: $? = 0
configure:3318: result: yes
configure:3335: checking for gcc option to accept ISO C89
configure:3409: gcc  -c -g -O2  conftest.c >&5
conftest.c:10:1: warning: "RELEASED" redefined
conftest.c:9:1: warning: this is the location of the previous definition
configure:3415: $? = 0
configure:3438: result: none needed
configure:3467: checking for style of include used by make
configure:3495: result: GNU
configure:3520: checking dependency style of gcc
configure:3611: result: gcc3
configure:3639: checking for a BSD-compatible install
configure:3695: result: /usr/bin/install -c
configure:3706: checking whether make sets $(MAKE)
configure:3727: result: yes
configure:3779: checking for ranlib
configure:3795: found /usr/bin/ranlib
configure:3806: result: ranlib
configure:3929: checking for a sed that does not truncate output
configure:3985: result: /bin/sed
configure:3988: checking for grep that handles long lines and -e
configure:4062: result: /bin/grep
configure:4067: checking for egrep
configure:4145: result: /bin/grep -E
configure:4161: checking for ld used by gcc
configure:4228: result: /usr/bin/ld
configure:4237: checking if the linker (/usr/bin/ld) is GNU ld
configure:4252: result: yes
configure:4257: checking for /usr/bin/ld option to reload object files
configure:4264: result: -r
configure:4282: checking for BSD-compatible nm
configure:4331: result: /usr/bin/nm -B
configure:4335: checking whether ln -s works
configure:4339: result: yes
configure:4346: checking how to recognize dependent libraries
configure:4532: result: pass_all
configure:4777: checking how to run the C preprocessor
configure:4817: gcc -E  conftest.c
conftest.c:10:1: warning: "RELEASED" redefined
conftest.c:9:1: warning: this is the location of the previous definition
configure:4823: $? = 0
configure:4854: gcc -E  conftest.c
conftest.c:10:1: warning: "RELEASED" redefined
conftest.c:9:1: warning: this is the location of the previous definition
conftest.c:12:28: error: ac_nonexistent.h: No such file or directory
configure:4860: $? = 1
configure: failed program was:
| /* confdefs.h.  */
| #define PACKAGE_NAME "dieharder"
| #define PACKAGE_TARNAME "dieharder"
| #define PACKAGE_VERSION "2.28.1"
| #define PACKAGE_STRING "dieharder 2.28.1"
| #define PACKAGE_BUGREPORT ""
| #define PACKAGE "dieharder"
| #define VERSION "2.28.1"
| #define RELEASED
| #define RELEASED 1
| /* end confdefs.h.  */
| #include <ac_nonexistent.h>
configure:4893: result: gcc -E
configure:4922: gcc -E  conftest.c
conftest.c:10:1: warning: "RELEASED" redefined
conftest.c:9:1: warning: this is the location of the previous definition
configure:4928: $? = 0
configure:4959: gcc -E  conftest.c
conftest.c:10:1: warning: "RELEASED" redefined
conftest.c:9:1: warning: this is the location of the previous definition
conftest.c:12:28: error: ac_nonexistent.h: No such file or directory
configure:4965: $? = 1
configure: failed program was:
| /* confdefs.h.  */
| #define PACKAGE_NAME "dieharder"
| #define PACKAGE_TARNAME "dieharder"
| #define PACKAGE_VERSION "2.28.1"
| #define PACKAGE_STRING "dieharder 2.28.1"
| #define PACKAGE_BUGREPORT ""
| #define PACKAGE "dieharder"
| #define VERSION "2.28.1"
| #define RELEASED
| #define RELEASED 1
| /* end confdefs.h.  */
| #include <ac_nonexistent.h>
configure:5003: checking for ANSI C header files
configure:5033: gcc -c -g -O2  conftest.c >&5
conftest.c:10:1: warning: "RELEASED" redefined
conftest.c:9:1: warning: this is the location of the previous definition
configure:5039: $? = 0
conftest.c:10:1: warning: "RELEASED" redefined
conftest.c:9:1: warning: this is the location of the previous definition
conftest.c:10:1: warning: "RELEASED" redefined
conftest.c:9:1: warning: this is the location of the previous definition
configure:5138: gcc -o conftest -g -O2   conftest.c  >&5
conftest.c:10:1: warning: "RELEASED" redefined
conftest.c:9:1: warning: this is the location of the previous definition
configure:5141: $? = 0
configure:5147: ./conftest
configure:5150: $? = 0
configure:5167: result: yes
configure:5191: checking for sys/types.h
configure:5212: gcc -c -g -O2  conftest.c >&5
conftest.c:10:1: warning: "RELEASED" redefined
conftest.c:9:1: warning: this is the location of the previous definition
configure:5218: $? = 0
configure:5234: result: yes
configure:5191: checking for sys/stat.h
configure:5212: gcc -c -g -O2  conftest.c >&5
conftest.c:10:1: warning: "RELEASED" redefined
conftest.c:9:1: warning: this is the location of the previous definition
configure:5218: $? = 0
configure:5234: result: yes
configure:5191: checking for stdlib.h
configure:5212: gcc -c -g -O2  conftest.c >&5
conftest.c:10:1: warning: "RELEASED" redefined
conftest.c:9:1: warning: this is the location of the previous definition
configure:5218: $? = 0
configure:5234: result: yes
configure:5191: checking for string.h
configure:5212: gcc -c -g -O2  conftest.c >&5
conftest.c:10:1: warning: "RELEASED" redefined
conftest.c:9:1: warning: this is the location of the previous definition
configure:5218: $? = 0
configure:5234: result: yes
configure:5191: checking for memory.h
configure:5212: gcc -c -g -O2  conftest.c >&5
conftest.c:10:1: warning: "RELEASED" redefined
conftest.c:9:1: warning: this is the location of the previous definition
configure:5218: $? = 0
configure:5234: result: yes
configure:5191: checking for strings.h
configure:5212: gcc -c -g -O2  conftest.c >&5
conftest.c:10:1: warning: "RELEASED" redefined
conftest.c:9:1: warning: this is the location of the previous definition
configure:5218: $? = 0
configure:5234: result: yes
configure:5191: checking for inttypes.h
configure:5212: gcc -c -g -O2  conftest.c >&5
conftest.c:10:1: warning: "RELEASED" redefined
conftest.c:9:1: warning: this is the location of the previous definition
configure:5218: $? = 0
configure:5234: result: yes
configure:5191: checking for stdint.h
configure:5212: gcc -c -g -O2  conftest.c >&5
conftest.c:10:1: warning: "RELEASED" redefined
conftest.c:9:1: warning: this is the location of the previous definition
configure:5218: $? = 0
configure:5234: result: yes
configure:5191: checking for unistd.h
configure:5212: gcc -c -g -O2  conftest.c >&5
conftest.c:10:1: warning: "RELEASED" redefined
conftest.c:9:1: warning: this is the location of the previous definition
configure:5218: $? = 0
configure:5234: result: yes
configure:5261: checking dlfcn.h usability
configure:5278: gcc -c -g -O2  conftest.c >&5
conftest.c:10:1: warning: "RELEASED" redefined
conftest.c:9:1: warning: this is the location of the previous definition
configure:5284: $? = 0
configure:5298: result: yes
configure:5302: checking dlfcn.h presence
configure:5317: gcc -E  conftest.c
conftest.c:10:1: warning: "RELEASED" redefined
conftest.c:9:1: warning: this is the location of the previous definition
configure:5323: $? = 0
configure:5337: result: yes
configure:5365: checking for dlfcn.h
configure:5373: result: yes
configure:5389: checking the maximum length of command line arguments
configure:5501: result: 98304
configure:5513: checking command to parse /usr/bin/nm -B output from gcc object
configure:5618: gcc -c -g -O2  conftest.c >&5
configure:5621: $? = 0
configure:5625: /usr/bin/nm -B conftest.o \| sed -n -e 's/^.*[ 	]\([ABCDGIRSTW][ABCDGIRSTW]*\)[ 	][ 	]*\([_A-Za-z][_A-Za-z0-9]*\)$/\1 \2 \2/p' \> conftest.nm
configure:5628: $? = 0
configure:5680: gcc -o conftest -g -O2   conftest.c conftstm.o >&5
configure:5683: $? = 0
configure:5721: result: ok
configure:5725: checking for objdir
configure:5740: result: .libs
configure:5832: checking for ar
configure:5848: found /usr/bin/ar
configure:5859: result: ar
configure:5928: checking for ranlib
configure:5955: result: ranlib
configure:6024: checking for strip
configure:6040: found /usr/bin/strip
configure:6051: result: strip
configure:6649: checking if gcc supports -fno-rtti -fno-exceptions
configure:6667: gcc -c -g -O2  -fno-rtti -fno-exceptions conftest.c >&5
cc1: warning: command line option "-fno-rtti" is valid for C++/ObjC++ but not for C
configure:6671: $? = 0
configure:6684: result: no
configure:6699: checking for gcc option to produce PIC
configure:6931: result: -fPIC
configure:6939: checking if gcc PIC flag -fPIC works
configure:6957: gcc -c -g -O2  -fPIC -DPIC conftest.c >&5
configure:6961: $? = 0
configure:6974: result: yes
configure:7002: checking if gcc static flag -static works
configure:7030: result: yes
configure:7040: checking if gcc supports -c -o file.o
configure:7061: gcc -c -g -O2  -o out/conftest2.o conftest.c >&5
configure:7065: $? = 0
configure:7087: result: yes
configure:7113: checking whether the gcc linker (/usr/bin/ld) supports shared libraries
configure:8094: result: yes
configure:8115: checking whether -lc should be explicitly linked in
configure:8120: gcc -c -g -O2  conftest.c >&5
configure:8123: $? = 0
configure:8138: gcc -shared conftest.o  -v -Wl,-soname -Wl,conftest -o conftest 2\>\&1 \| grep  -lc  \>/dev/null 2\>\&1
configure:8141: $? = 0
configure:8153: result: no
configure:8161: checking dynamic linker characteristics
configure:8775: result: GNU/Linux ld.so
configure:8799: checking how to hardcode library paths into programs
configure:8824: result: immediate
configure:8838: checking whether stripping libraries is possible
configure:8843: result: yes
configure:9645: checking if libtool supports shared libraries
configure:9647: result: yes
configure:9650: checking whether to build shared libraries
configure:9671: result: yes
configure:9674: checking whether to build static libraries
configure:9678: result: yes
configure:9772: creating libtool
configure:10789: checking for size_t
configure:10819: gcc -c -g -O2  conftest.c >&5
conftest.c:10:1: warning: "RELEASED" redefined
conftest.c:9:1: warning: this is the location of the previous definition
configure:10825: $? = 0
configure:10840: result: yes
configure:10853: checking for working volatile
configure:10882: gcc -c -g -O2  conftest.c >&5
conftest.c:10:1: warning: "RELEASED" redefined
conftest.c:9:1: warning: this is the location of the previous definition
configure:10888: $? = 0
configure:10903: result: yes
configure:10913: checking for inline
configure:10939: gcc -c -g -O2  conftest.c >&5
conftest.c:10:1: warning: "RELEASED" redefined
conftest.c:9:1: warning: this is the location of the previous definition
configure:10945: $? = 0
configure:10963: result: inline
configure:10994: checking for main in -lgsl
configure:11023: gcc -o conftest -g -O2   conftest.c -lgsl   >&5
conftest.c:10:1: warning: "RELEASED" redefined
conftest.c:9:1: warning: this is the location of the previous definition
/usr/lib/gcc/i486-linux-gnu/4.2.4/../../../../lib/libgsl.so: undefined reference to `cblas_ctrmv'
/usr/lib/gcc/i486-linux-gnu/4.2.4/../../../../lib/libgsl.so: undefined reference to `cblas_zswap'
/usr/lib/gcc/i486-linux-gnu/4.2.4/../../../../lib/libgsl.so: undefined reference to `cblas_zsymm'
/usr/lib/gcc/i486-linux-gnu/4.2.4/../../../../lib/libgsl.so: undefined reference to `cblas_cgeru'
/usr/lib/gcc/i486-linux-gnu/4.2.4/../../../../lib/libgsl.so: undefined reference to `cblas_sgemm'
/usr/lib/gcc/i486-linux-gnu/4.2.4/../../../../lib/libgsl.so: undefined reference to `cblas_ctrsv'
/usr/lib/gcc/i486-linux-gnu/4.2.4/../../../../lib/libgsl.so: undefined reference to `cblas_sgemv'
/usr/lib/gcc/i486-linux-gnu/4.2.4/../../../../lib/libgsl.so: undefined reference to `cblas_srotg'
/usr/lib/gcc/i486-linux-gnu/4.2.4/../../../../lib/libgsl.so: undefined reference to `cblas_zgemm'
/usr/lib/gcc/i486-linux-gnu/4.2.4/../../../../lib/libgsl.so: undefined reference to `cblas_cdotu_sub'
/usr/lib/gcc/i486-linux-gnu/4.2.4/../../../../lib/libgsl.so: undefined reference to `cblas_dznrm2'
/usr/lib/gcc/i486-linux-gnu/4.2.4/../../../../lib/libgsl.so: undefined reference to `cblas_ddot'
/usr/lib/gcc/i486-linux-gnu/4.2.4/../../../../lib/libgsl.so: undefined reference to `cblas_csymm'
/usr/lib/gcc/i486-linux-gnu/4.2.4/../../../../lib/libgsl.so: undefined reference to `cblas_cher2k'
/usr/lib/gcc/i486-linux-gnu/4.2.4/../../../../lib/libgsl.so: undefined reference to `cblas_zdotu_sub'
/usr/lib/gcc/i486-linux-gnu/4.2.4/../../../../lib/libgsl.so: undefined reference to `cblas_sdot'
/usr/lib/gcc/i486-linux-gnu/4.2.4/../../../../lib/libgsl.so: undefined reference to `cblas_sdsdot'
/usr/lib/gcc/i486-linux-gnu/4.2.4/../../../../lib/libgsl.so: undefined reference to `cblas_cgerc'
/usr/lib/gcc/i486-linux-gnu/4.2.4/../../../../lib/libgsl.so: undefined reference to `cblas_scnrm2'
/usr/lib/gcc/i486-linux-gnu/4.2.4/../../../../lib/libgsl.so: undefined reference to `cblas_ctrmm'
/usr/lib/gcc/i486-linux-gnu/4.2.4/../../../../lib/libgsl.so: undefined reference to `cblas_sscal'
/usr/lib/gcc/i486-linux-gnu/4.2.4/../../../../lib/libgsl.so: undefined reference to `cblas_strmm'
/usr/lib/gcc/i486-linux-gnu/4.2.4/../../../../lib/libgsl.so: undefined reference to `cblas_zcopy'
/usr/lib/gcc/i486-linux-gnu/4.2.4/../../../../lib/libgsl.so: undefined reference to `cblas_dsyrk'
/usr/lib/gcc/i486-linux-gnu/4.2.4/../../../../lib/libgsl.so: undefined reference to `cblas_cherk'
/usr/lib/gcc/i486-linux-gnu/4.2.4/../../../../lib/libgsl.so: undefined reference to `cblas_zherk'
/usr/lib/gcc/i486-linux-gnu/4.2.4/../../../../lib/libgsl.so: undefined reference to `cblas_zher'
/usr/lib/gcc/i486-linux-gnu/4.2.4/../../../../lib/libgsl.so: undefined reference to `cblas_ztrmv'
/usr/lib/gcc/i486-linux-gnu/4.2.4/../../../../lib/libgsl.so: undefined reference to `cblas_drotmg'
/usr/lib/gcc/i486-linux-gnu/4.2.4/../../../../lib/libgsl.so: undefined reference to `cblas_dswap'
/usr/lib/gcc/i486-linux-gnu/4.2.4/../../../../lib/libgsl.so: undefined reference to `cblas_scopy'
/usr/lib/gcc/i486-linux-gnu/4.2.4/../../../../lib/libgsl.so: undefined reference to `cblas_scasum'
/usr/lib/gcc/i486-linux-gnu/4.2.4/../../../../lib/libgsl.so: undefined reference to `cblas_zscal'
/usr/lib/gcc/i486-linux-gnu/4.2.4/../../../../lib/libgsl.so: undefined reference to `cblas_drotg'
/usr/lib/gcc/i486-linux-gnu/4.2.4/../../../../lib/libgsl.so: undefined reference to `cblas_zdotc_sub'
/usr/lib/gcc/i486-linux-gnu/4.2.4/../../../../lib/libgsl.so: undefined reference to `cblas_cscal'
/usr/lib/gcc/i486-linux-gnu/4.2.4/../../../../lib/libgsl.so: undefined reference to `cblas_caxpy'
/usr/lib/gcc/i486-linux-gnu/4.2.4/../../../../lib/libgsl.so: undefined reference to `cblas_zsyr2k'
/usr/lib/gcc/i486-linux-gnu/4.2.4/../../../../lib/libgsl.so: undefined reference to `cblas_ssyr2k'
/usr/lib/gcc/i486-linux-gnu/4.2.4/../../../../lib/libgsl.so: undefined reference to `cblas_csyr2k'
/usr/lib/gcc/i486-linux-gnu/4.2.4/../../../../lib/libgsl.so: undefined reference to `cblas_ztrsm'
/usr/lib/gcc/i486-linux-gnu/4.2.4/../../../../lib/libgsl.so: undefined reference to `cblas_ctrsm'
/usr/lib/gcc/i486-linux-gnu/4.2.4/../../../../lib/libgsl.so: undefined reference to `cblas_ssymm'
/usr/lib/gcc/i486-linux-gnu/4.2.4/../../../../lib/libgsl.so: undefined reference to `cblas_cdotc_sub'
/usr/lib/gcc/i486-linux-gnu/4.2.4/../../../../lib/libgsl.so: undefined reference to `cblas_zher2k'
/usr/lib/gcc/i486-linux-gnu/4.2.4/../../../../lib/libgsl.so: undefined reference to `cblas_saxpy'
/usr/lib/gcc/i486-linux-gnu/4.2.4/../../../../lib/libgsl.so: undefined reference to `cblas_idamax'
/usr/lib/gcc/i486-linux-gnu/4.2.4/../../../../lib/libgsl.so: undefined reference to `cblas_snrm2'
/usr/lib/gcc/i486-linux-gnu/4.2.4/../../../../lib/libgsl.so: undefined reference to `cblas_dsdot'
/usr/lib/gcc/i486-linux-gnu/4.2.4/../../../../lib/libgsl.so: undefined reference to `cblas_cher'
/usr/lib/gcc/i486-linux-gnu/4.2.4/../../../../lib/libgsl.so: undefined reference to `cblas_dger'
/usr/lib/gcc/i486-linux-gnu/4.2.4/../../../../lib/libgsl.so: undefined reference to `cblas_cher2'
/usr/lib/gcc/i486-linux-gnu/4.2.4/../../../../lib/libgsl.so: undefined reference to `cblas_dzasum'
/usr/lib/gcc/i486-linux-gnu/4.2.4/../../../../lib/libgsl.so: undefined reference to `cblas_dsyr2'
/usr/lib/gcc/i486-linux-gnu/4.2.4/../../../../lib/libgsl.so: undefined reference to `cblas_ssyrk'
/usr/lib/gcc/i486-linux-gnu/4.2.4/../../../../lib/libgsl.so: undefined reference to `cblas_strmv'
/usr/lib/gcc/i486-linux-gnu/4.2.4/../../../../lib/libgsl.so: undefined reference to `cblas_dgemv'
/usr/lib/gcc/i486-linux-gnu/4.2.4/../../../../lib/libgsl.so: undefined reference to `cblas_cgemm'
/usr/lib/gcc/i486-linux-gnu/4.2.4/../../../../lib/libgsl.so: undefined reference to `cblas_dasum'
/usr/lib/gcc/i486-linux-gnu/4.2.4/../../../../lib/libgsl.so: undefined reference to `cblas_dsymv'
/usr/lib/gcc/i486-linux-gnu/4.2.4/../../../../lib/libgsl.so: undefined reference to `cblas_srotm'
/usr/lib/gcc/i486-linux-gnu/4.2.4/../../../../lib/libgsl.so: undefined reference to `cblas_sswap'
/usr/lib/gcc/i486-linux-gnu/4.2.4/../../../../lib/libgsl.so: undefined reference to `cblas_dtrmv'
/usr/lib/gcc/i486-linux-gnu/4.2.4/../../../../lib/libgsl.so: undefined reference to `cblas_isamax'
/usr/lib/gcc/i486-linux-gnu/4.2.4/../../../../lib/libgsl.so: undefined reference to `cblas_zhemv'
/usr/lib/gcc/i486-linux-gnu/4.2.4/../../../../lib/libgsl.so: undefined reference to `cblas_zaxpy'
/usr/lib/gcc/i486-linux-gnu/4.2.4/../../../../lib/libgsl.so: undefined reference to `cblas_dcopy'
/usr/lib/gcc/i486-linux-gnu/4.2.4/../../../../lib/libgsl.so: undefined reference to `cblas_sasum'
/usr/lib/gcc/i486-linux-gnu/4.2.4/../../../../lib/libgsl.so: undefined reference to `cblas_dsyr'
/usr/lib/gcc/i486-linux-gnu/4.2.4/../../../../lib/libgsl.so: undefined reference to `cblas_strsm'
/usr/lib/gcc/i486-linux-gnu/4.2.4/../../../../lib/libgsl.so: undefined reference to `cblas_drot'
/usr/lib/gcc/i486-linux-gnu/4.2.4/../../../../lib/libgsl.so: undefined reference to `cblas_ztrsv'
/usr/lib/gcc/i486-linux-gnu/4.2.4/../../../../lib/libgsl.so: undefined reference to `cblas_izamax'
/usr/lib/gcc/i486-linux-gnu/4.2.4/../../../../lib/libgsl.so: undefined reference to `cblas_ssymv'
/usr/lib/gcc/i486-linux-gnu/4.2.4/../../../../lib/libgsl.so: undefined reference to `cblas_chemm'
/usr/lib/gcc/i486-linux-gnu/4.2.4/../../../../lib/libgsl.so: undefined reference to `cblas_zgeru'
/usr/lib/gcc/i486-linux-gnu/4.2.4/../../../../lib/libgsl.so: undefined reference to `cblas_dtrsv'
/usr/lib/gcc/i486-linux-gnu/4.2.4/../../../../lib/libgsl.so: undefined reference to `cblas_sger'
/usr/lib/gcc/i486-linux-gnu/4.2.4/../../../../lib/libgsl.so: undefined reference to `cblas_srot'
/usr/lib/gcc/i486-linux-gnu/4.2.4/../../../../lib/libgsl.so: undefined reference to `cblas_dsymm'
/usr/lib/gcc/i486-linux-gnu/4.2.4/../../../../lib/libgsl.so: undefined reference to `cblas_ztrmm'
/usr/lib/gcc/i486-linux-gnu/4.2.4/../../../../lib/libgsl.so: undefined reference to `cblas_zdscal'
/usr/lib/gcc/i486-linux-gnu/4.2.4/../../../../lib/libgsl.so: undefined reference to `cblas_zher2'
/usr/lib/gcc/i486-linux-gnu/4.2.4/../../../../lib/libgsl.so: undefined reference to `cblas_ssyr'
/usr/lib/gcc/i486-linux-gnu/4.2.4/../../../../lib/libgsl.so: undefined reference to `cblas_dtrmm'
/usr/lib/gcc/i486-linux-gnu/4.2.4/../../../../lib/libgsl.so: undefined reference to `cblas_zgerc'
/usr/lib/gcc/i486-linux-gnu/4.2.4/../../../../lib/libgsl.so: undefined reference to `cblas_csscal'
/usr/lib/gcc/i486-linux-gnu/4.2.4/../../../../lib/libgsl.so: undefined reference to `cblas_dsyr2k'
/usr/lib/gcc/i486-linux-gnu/4.2.4/../../../../lib/libgsl.so: undefined reference to `cblas_chemv'
/usr/lib/gcc/i486-linux-gnu/4.2.4/../../../../lib/libgsl.so: undefined reference to `cblas_dnrm2'
/usr/lib/gcc/i486-linux-gnu/4.2.4/../../../../lib/libgsl.so: undefined reference to `cblas_drotm'
/usr/lib/gcc/i486-linux-gnu/4.2.4/../../../../lib/libgsl.so: undefined reference to `cblas_icamax'
/usr/lib/gcc/i486-linux-gnu/4.2.4/../../../../lib/libgsl.so: undefined reference to `cblas_zgemv'
/usr/lib/gcc/i486-linux-gnu/4.2.4/../../../../lib/libgsl.so: undefined reference to `cblas_zhemm'
/usr/lib/gcc/i486-linux-gnu/4.2.4/../../../../lib/libgsl.so: undefined reference to `cblas_cgemv'
/usr/lib/gcc/i486-linux-gnu/4.2.4/../../../../lib/libgsl.so: undefined reference to `cblas_ssyr2'
/usr/lib/gcc/i486-linux-gnu/4.2.4/../../../../lib/libgsl.so: undefined reference to `cblas_strsv'
/usr/lib/gcc/i486-linux-gnu/4.2.4/../../../../lib/libgsl.so: undefined reference to `cblas_dscal'
/usr/lib/gcc/i486-linux-gnu/4.2.4/../../../../lib/libgsl.so: undefined reference to `cblas_dgemm'
/usr/lib/gcc/i486-linux-gnu/4.2.4/../../../../lib/libgsl.so: undefined reference to `cblas_srotmg'
/usr/lib/gcc/i486-linux-gnu/4.2.4/../../../../lib/libgsl.so: undefined reference to `cblas_dtrsm'
/usr/lib/gcc/i486-linux-gnu/4.2.4/../../../../lib/libgsl.so: undefined reference to `cblas_ccopy'
/usr/lib/gcc/i486-linux-gnu/4.2.4/../../../../lib/libgsl.so: undefined reference to `cblas_zsyrk'
/usr/lib/gcc/i486-linux-gnu/4.2.4/../../../../lib/libgsl.so: undefined reference to `cblas_cswap'
/usr/lib/gcc/i486-linux-gnu/4.2.4/../../../../lib/libgsl.so: undefined reference to `cblas_daxpy'
/usr/lib/gcc/i486-linux-gnu/4.2.4/../../../../lib/libgsl.so: undefined reference to `cblas_csyrk'
collect2: ld returned 1 exit status
configure:11029: $? = 1
configure: failed program was:
| /* confdefs.h.  */
| #define PACKAGE_NAME "dieharder"
| #define PACKAGE_TARNAME "dieharder"
| #define PACKAGE_VERSION "2.28.1"
| #define PACKAGE_STRING "dieharder 2.28.1"
| #define PACKAGE_BUGREPORT ""
| #define PACKAGE "dieharder"
| #define VERSION "2.28.1"
| #define RELEASED
| #define RELEASED 1
| #define STDC_HEADERS 1
| #define HAVE_SYS_TYPES_H 1
| #define HAVE_SYS_STAT_H 1
| #define HAVE_STDLIB_H 1
| #define HAVE_STRING_H 1
| #define HAVE_MEMORY_H 1
| #define HAVE_STRINGS_H 1
| #define HAVE_INTTYPES_H 1
| #define HAVE_STDINT_H 1
| #define HAVE_UNISTD_H 1
| #define HAVE_DLFCN_H 1
| /* end confdefs.h.  */
| 
| 
| int
| main ()
| {
| return main ();
|   ;
|   return 0;
| }
configure:11047: result: no
configure:11060: checking for main in -lgslcblas
configure:11089: gcc -o conftest -g -O2   conftest.c -lgslcblas   >&5
conftest.c:10:1: warning: "RELEASED" redefined
conftest.c:9:1: warning: this is the location of the previous definition
configure:11095: $? = 0
configure:11113: result: yes
configure:11128: checking for an ANSI C-conforming const
configure:11203: gcc -c -g -O2  conftest.c >&5
conftest.c:10:1: warning: "RELEASED" redefined
conftest.c:9:1: warning: this is the location of the previous definition
configure:11209: $? = 0
configure:11224: result: yes
configure:11234: checking for size_t
configure:11285: result: yes
configure:11297: checking whether time.h and sys/time.h may both be included
configure:11327: gcc -c -g -O2  conftest.c >&5
conftest.c:10:1: warning: "RELEASED" redefined
conftest.c:9:1: warning: this is the location of the previous definition
configure:11333: $? = 0
configure:11348: result: yes
configure:11480: creating ./config.status

## ---------------------- ##
## Running config.status. ##
## ---------------------- ##

This file was extended by dieharder config.status 2.28.1, which was
generated by GNU Autoconf 2.61.  Invocation command line was

  CONFIG_FILES    = 
  CONFIG_HEADERS  = 
  CONFIG_LINKS    = 
  CONFIG_COMMANDS = 
  $ ./config.status 

on virtualmachine-laptop

config.status:667: creating dieharder_version.h
config.status:667: creating dieharder.spec
config.status:667: creating dieharder.html
config.status:667: creating dieharder/Makefile
config.status:667: creating include/Makefile
config.status:667: creating libdieharder/Makefile
config.status:667: creating Makefile
config.status:667: creating config.h
config.status:898: config.h is unchanged
config.status:945: executing depfiles commands

## ---------------- ##
## Cache variables. ##
## ---------------- ##

ac_cv_build=i686-pc-linux-gnu
ac_cv_c_compiler_gnu=yes
ac_cv_c_const=yes
ac_cv_c_inline=inline
ac_cv_c_volatile=yes
ac_cv_env_CC_set=
ac_cv_env_CC_value=
ac_cv_env_CFLAGS_set=
ac_cv_env_CFLAGS_value=
ac_cv_env_CPPFLAGS_set=
ac_cv_env_CPPFLAGS_value=
ac_cv_env_CPP_set=
ac_cv_env_CPP_value=
ac_cv_env_LDFLAGS_set=
ac_cv_env_LDFLAGS_value=
ac_cv_env_LIBS_set=
ac_cv_env_LIBS_value=
ac_cv_env_build_alias_set=
ac_cv_env_build_alias_value=
ac_cv_env_host_alias_set=
ac_cv_env_host_alias_value=
ac_cv_env_target_alias_set=
ac_cv_env_target_alias_value=
ac_cv_header_dlfcn_h=yes
ac_cv_header_inttypes_h=yes
ac_cv_header_memory_h=yes
ac_cv_header_stdc=yes
ac_cv_header_stdint_h=yes
ac_cv_header_stdlib_h=yes
ac_cv_header_string_h=yes
ac_cv_header_strings_h=yes
ac_cv_header_sys_stat_h=yes
ac_cv_header_sys_types_h=yes
ac_cv_header_time=yes
ac_cv_header_unistd_h=yes
ac_cv_host=i686-pc-linux-gnu
ac_cv_lib_gsl_main=no
ac_cv_lib_gslcblas_main=yes
ac_cv_objext=o
ac_cv_path_EGREP='/bin/grep -E'
ac_cv_path_GREP=/bin/grep
ac_cv_path_install='/usr/bin/install -c'
ac_cv_path_mkdir=/bin/mkdir
ac_cv_prog_AWK=gawk
ac_cv_prog_CPP='gcc -E'
ac_cv_prog_ac_ct_AR=ar
ac_cv_prog_ac_ct_CC=gcc
ac_cv_prog_ac_ct_RANLIB=ranlib
ac_cv_prog_ac_ct_STRIP=strip
ac_cv_prog_cc_c89=
ac_cv_prog_cc_g=yes
ac_cv_prog_make_make_set=yes
ac_cv_type_size_t=yes
am_cv_CC_dependencies_compiler_type=gcc3
lt_cv_deplibs_check_method=pass_all
lt_cv_file_magic_cmd='$MAGIC_CMD'
lt_cv_file_magic_test_file=
lt_cv_ld_reload_flag=-r
lt_cv_objdir=.libs
lt_cv_path_LD=/usr/bin/ld
lt_cv_path_NM='/usr/bin/nm -B'
lt_cv_path_SED=/bin/sed
lt_cv_prog_compiler_c_o=yes
lt_cv_prog_compiler_pic_works=yes
lt_cv_prog_compiler_rtti_exceptions=no
lt_cv_prog_compiler_static_works=yes
lt_cv_prog_gnu_ld=yes
lt_cv_sys_global_symbol_pipe='sed -n -e '\''s/^.*[ 	]\([ABCDGIRSTW][ABCDGIRSTW]*\)[ 	][ 	]*\([_A-Za-z][_A-Za-z0-9]*\)$/\1 \2 \2/p'\'''
lt_cv_sys_global_symbol_to_c_name_address='sed -n -e '\''s/^: \([^ ]*\) $/  {\"\1\", (lt_ptr) 0},/p'\'' -e '\''s/^[BCDEGRST] \([^ ]*\) \([^ ]*\)$/  {"\2", (lt_ptr) \&\2},/p'\'''
lt_cv_sys_global_symbol_to_cdecl='sed -n -e '\''s/^. .* \(.*\)$/extern int \1;/p'\'''
lt_cv_sys_lib_dlsearch_path_spec='/lib /usr/lib /lib/i486-linux-gnu /usr/lib/i486-linux-gnu /usr/local/lib /usr/lib/panda3d '
lt_cv_sys_lib_search_path_spec='/usr/lib/gcc/i486-linux-gnu/4.2.4 /usr/lib /lib'
lt_cv_sys_max_cmd_len=98304
lt_lt_cv_prog_compiler_c_o='"yes"'
lt_lt_cv_sys_global_symbol_pipe='"sed -n -e '\''s/^.*[ 	]\\([ABCDGIRSTW][ABCDGIRSTW]*\\)[ 	][ 	]*\\([_A-Za-z][_A-Za-z0-9]*\\)\$/\\1 \\2 \\2/p'\''"'
lt_lt_cv_sys_global_symbol_to_c_name_address='"sed -n -e '\''s/^: \\([^ ]*\\) \$/  {\\\"\\1\\\", (lt_ptr) 0},/p'\'' -e '\''s/^[BCDEGRST] \\([^ ]*\\) \\([^ ]*\\)\$/  {\"\\2\", (lt_ptr) \\&\\2},/p'\''"'
lt_lt_cv_sys_global_symbol_to_cdecl='"sed -n -e '\''s/^. .* \\(.*\\)\$/extern int \\1;/p'\''"'

## ----------------- ##
## Output variables. ##
## ----------------- ##

ACLOCAL='/bin/bash ./missing --run aclocal'
ACTAR='/bin/bash ./missing --run tar'
AMDEPBACKSLASH='\'
AMDEP_FALSE='#'
AMDEP_TRUE=''
AMTAR='${SHELL} /home/virtualmachine/Documents/Fall2008/eecs475/project/fitness/dieharder-2.28.1/missing --run tar'
AR='ar'
AUTOCONF='/bin/bash ./missing --run autoconf;echo "Run ./configure";exit'
AUTOHEADER='/bin/bash ./missing --run autoheader'
AUTOMAKE='/bin/bash ./missing --run automake --add-missing --copy --gnu'
AWK='gawk'
CC='gcc'
CCDEPMODE='depmode=gcc3'
CFLAGS='-g -O2'
CPP='gcc -E'
CPPFLAGS=''
CYGPATH_W='echo'
DEFS='-DHAVE_CONFIG_H'
DEPDIR='.deps'
DIEHARDER_CFLAGS='-I${prefix}/include'
DIEHARDER_LIBS='-L${exec_prefix}/lib -ldieharder'
DIEHARDER_LT_VERSION='2:28:1'
DSYMUTIL=''
ECHO='echo'
ECHO_C=''
ECHO_N='-n'
ECHO_T=''
EGREP='/bin/grep -E'
EXEEXT=''
GREP='/bin/grep'
INSTALL_DATA='${INSTALL} -m 644'
INSTALL_PROGRAM='${INSTALL}'
INSTALL_SCRIPT='${INSTALL}'
INSTALL_STRIP_PROGRAM='$(install_sh) -c -s'
LDFLAGS=''
LIBOBJS=''
LIBS='-lgslcblas '
LIBTOOL='$(SHELL) $(top_builddir)/libtool'
LIBTOOL_DEPS='./ltmain.sh'
LN_S='ln -s'
LTLIBOBJS=''
MAKEINFO='${SHELL} /home/virtualmachine/Documents/Fall2008/eecs475/project/fitness/dieharder-2.28.1/missing --run makeinfo'
NMEDIT=''
OBJEXT='o'
PACKAGE='dieharder'
PACKAGE_BUGREPORT=''
PACKAGE_NAME='dieharder'
PACKAGE_STRING='dieharder 2.28.1'
PACKAGE_TARNAME='dieharder'
PACKAGE_VERSION='2.28.1'
PATH_SEPARATOR=':'
RANLIB='ranlib'
RELEASE='1'
RELEASED=''
SED='/bin/sed'
SET_MAKE=''
SHELL='/bin/bash'
STRIP='strip'
VERSION='2.28.1'
ac_ct_CC='gcc'
am__fastdepCC_FALSE='#'
am__fastdepCC_TRUE=''
am__include='include'
am__isrc=''
am__leading_dot='.'
am__quote=''
am__tar='${AMTAR} chof - "$$tardir"'
am__untar='${AMTAR} xf -'
bindir='${exec_prefix}/bin'
build='i686-pc-linux-gnu'
build_alias=''
build_cpu='i686'
build_os='linux-gnu'
build_vendor='pc'
datadir='${datarootdir}'
datarootdir='${prefix}/share'
docdir='${datarootdir}/doc/${PACKAGE_TARNAME}'
dvidir='${docdir}'
exec_prefix='${prefix}'
host='i686-pc-linux-gnu'
host_alias=''
host_cpu='i686'
host_os='linux-gnu'
host_vendor='pc'
htmldir='${docdir}'
includedir='${prefix}/include'
infodir='${datarootdir}/info'
install_sh='$(SHELL) /home/virtualmachine/Documents/Fall2008/eecs475/project/fitness/dieharder-2.28.1/install-sh'
libdir='${exec_prefix}/lib'
libexecdir='${exec_prefix}/libexec'
localedir='${datarootdir}/locale'
localstatedir='${prefix}/var'
mandir='${datarootdir}/man'
mkdir_p='/bin/mkdir -p'
oldincludedir='/usr/include'
pdfdir='${docdir}'
prefix='/usr/local'
program_transform_name='s,x,x,'
psdir='${docdir}'
sbindir='${exec_prefix}/sbin'
sharedstatedir='${prefix}/com'
sysconfdir='${prefix}/etc'
target_alias=''

## ----------- ##
## confdefs.h. ##
## ----------- ##

#define PACKAGE_NAME "dieharder"
#define PACKAGE_TARNAME "dieharder"
#define PACKAGE_VERSION "2.28.1"
#define PACKAGE_STRING "dieharder 2.28.1"
#define PACKAGE_BUGREPORT ""
#define PACKAGE "dieharder"
#define VERSION "2.28.1"
#define RELEASED
#define RELEASED 1
#define STDC_HEADERS 1
#define HAVE_SYS_TYPES_H 1
#define HAVE_SYS_STAT_H 1
#define HAVE_STDLIB_H 1
#define HAVE_STRING_H 1
#define HAVE_MEMORY_H 1
#define HAVE_STRINGS_H 1
#define HAVE_INTTYPES_H 1
#define HAVE_STDINT_H 1
#define HAVE_UNISTD_H 1
#define HAVE_DLFCN_H 1
#define HAVE_LIBGSLCBLAS 1
#define TIME_WITH_SYS_TIME 1

configure: exit 0
